[0.029s] Invoking command in '/home/swlinux/aic_sejong/ws_aic/src/aic/build/aic_assets': DEBUGINFOD_URLS=https://debuginfod.ubuntu.com /usr/bin/cmake /home/swlinux/aic_sejong/ws_aic/src/aic/aic_assets -DCMAKE_BUILD_TYPE=Release -DAMENT_CMAKE_SYMLINK_INSTALL=1 -DCMAKE_INSTALL_PREFIX=/home/swlinux/aic_sejong/ws_aic/src/aic/install
[0.071s] -- The C compiler identification is GNU 13.3.0
[0.113s] -- The CXX compiler identification is GNU 13.3.0
[0.125s] -- Detecting C compiler ABI info
[0.186s] -- Detecting C compiler ABI info - done
[0.194s] -- Check for working C compiler: /usr/bin/cc - skipped
[0.194s] -- Detecting C compile features
[0.194s] -- Detecting C compile features - done
[0.201s] -- Detecting CXX compiler ABI info
[0.270s] -- Detecting CXX compiler ABI info - done
[0.277s] -- Check for working CXX compiler: /usr/bin/c++ - skipped
[0.278s] -- Detecting CXX compile features
[0.278s] -- Detecting CXX compile features - done
[0.286s] -- Configuring incomplete, errors occurred!
[0.287s] [31mCMake Error at CMakeLists.txt:9 (find_package):
[0.287s]   By not providing "Findament_cmake.cmake" in CMAKE_MODULE_PATH this project
[0.287s]   has asked CMake to find a package configuration file provided by
[0.287s]   "ament_cmake", but CMake did not find one.
[0.287s] 
[0.287s]   Could not find a package configuration file provided by "ament_cmake" with
[0.287s]   any of the following names:
[0.287s] 
[0.287s]     ament_cmakeConfig.cmake
[0.287s]     ament_cmake-config.cmake
[0.287s] 
[0.287s]   Add the installation prefix of "ament_cmake" to CMAKE_PREFIX_PATH or set
[0.287s]   "ament_cmake_DIR" to a directory containing one of the above files.  If
[0.287s]   "ament_cmake" provides a separate development package or SDK, be sure it
[0.287s]   has been installed.
[0.287s] 
[0.287s] [0m
[0.290s] Invoked command in '/home/swlinux/aic_sejong/ws_aic/src/aic/build/aic_assets' returned '1': DEBUGINFOD_URLS=https://debuginfod.ubuntu.com /usr/bin/cmake /home/swlinux/aic_sejong/ws_aic/src/aic/aic_assets -DCMAKE_BUILD_TYPE=Release -DAMENT_CMAKE_SYMLINK_INSTALL=1 -DCMAKE_INSTALL_PREFIX=/home/swlinux/aic_sejong/ws_aic/src/aic/install
